# JRE version: OpenJDK Runtime Environment Temurin-21.0.11+10 (21.0.11+10) (build 21.0.11+10-LTS)
# Java VM: OpenJDK 64-Bit Server VM Temurin-21.0.11+10 (21.0.11+10-LTS, mixed mode, sharing, tiered, compressed oops, compressed class ptrs, g1 gc, windows-amd64)
GC Precious Log:
 CardTable entry size: 512
 Card Set container configuration: InlinePtr #cards 5 size 8 Array Of Cards #cards 12 size 40 Howl #buckets 4 coarsen threshold 1843 Howl Bitmap #cards 512 size 80 coarsen threshold 460 Card regions per heap region 1 cards per card region 2048
 CPUs: 4 total, 4 available
 Memory: 6055M
 Large Page Support: Disabled
 NUMA Support: Disabled
 Compressed Oops: Enabled (32-bit)
 Heap Region Size: 1M
 Heap Min Capacity: 8M
 Heap Initial Capacity: 96M
 Heap Max Capacity: 1514M
 Pre-touch: Disabled
 Parallel Workers: 4
 Concurrent Workers: 1
 Concurrent Refinement Workers: 4
 Periodic GC: Disabled
Heap:
 garbage-first heap   total 57344K, used 31622K [0x00000000a1600000, 0x0000000100000000)
  region size 1024K, 16 young (16384K), 3 survivors (3072K)
 Metaspace       used 30458K, committed 31040K, reserved 1114112K
  class space    used 4136K, committed 4416K, reserved 1048576K
GC Heap History (14 events):
Event: 0.856 GC heap before
{Heap before GC invocations=0 (full 0):
 garbage-first heap   total 98304K, used 12288K [0x00000000a1600000, 0x0000000100000000)
  region size 1024K, 13 young (13312K), 0 survivors (0K)
 Metaspace       used 1790K, committed 1984K, reserved 1114112K
  class space    used 176K, committed 256K, reserved 1048576K
}
Event: 0.860 GC heap after
{Heap after GC invocations=1 (full 0):
 garbage-first heap   total 98304K, used 1616K [0x00000000a1600000, 0x0000000100000000)
  region size 1024K, 2 young (2048K), 2 survivors (2048K)
 Metaspace       used 1790K, committed 1984K, reserved 1114112K
  class space    used 176K, committed 256K, reserved 1048576K
}
Event: 1.569 GC heap before
{Heap before GC invocations=1 (full 0):
 garbage-first heap   total 98304K, used 23120K [0x00000000a1600000, 0x0000000100000000)
  region size 1024K, 24 young (24576K), 2 survivors (2048K)
 Metaspace       used 7956K, committed 8192K, reserved 1114112K
  class space    used 1021K, committed 1152K, reserved 1048576K
}
Event: 1.575 GC heap after
{Heap after GC invocations=2 (full 0):
 garbage-first heap   total 98304K, used 4104K [0x00000000a1600000, 0x0000000100000000)
  region size 1024K, 3 young (3072K), 3 survivors (3072K)
 Metaspace       used 7956K, committed 8192K, reserved 1114112K
  class space    used 1021K, committed 1152K, reserved 1048576K
}
Event: 98.649 GC heap before
{Heap before GC invocations=2 (full 0):
 garbage-first heap   total 98304K, used 60424K [0x00000000a1600000, 0x0000000100000000)
  region size 1024K, 57 young (58368K), 3 survivors (3072K)
 Metaspace       used 18227K, committed 18624K, reserved 1114112K
  class space    used 2808K, committed 3008K, reserved 1048576K
}
Event: 98.666 GC heap after
{Heap after GC invocations=3 (full 0):
 garbage-first heap   total 98304K, used 12943K [0x00000000a1600000, 0x0000000100000000)
  region size 1024K, 8 young (8192K), 8 survivors (8192K)
 Metaspace       used 18227K, committed 18624K, reserved 1114112K
  class space    used 2808K, committed 3008K, reserved 1048576K
}
Event: 98.999 GC heap before
{Heap before GC invocations=3 (full 0):
 garbage-first heap   total 98304K, used 22159K [0x00000000a1600000, 0x0000000100000000)
  region size 1024K, 19 young (19456K), 8 survivors (8192K)
 Metaspace       used 21099K, committed 21504K, reserved 1114112K
  class space    used 3136K, committed 3328K, reserved 1048576K
}
Event: 99.014 GC heap after
{Heap after GC invocations=4 (full 0):
 garbage-first heap   total 98304K, used 14980K [0x00000000a1600000, 0x0000000100000000)
  region size 1024K, 2 young (2048K), 2 survivors (2048K)
 Metaspace       used 21099K, committed 21504K, reserved 1114112K
  class space    used 3136K, committed 3328K, reserved 1048576K
}
Event: 103.446 GC heap before
{Heap before GC invocations=5 (full 0):
 garbage-first heap   total 51200K, used 49796K [0x00000000a1600000, 0x0000000100000000)
  region size 1024K, 37 young (37888K), 2 survivors (2048K)
 Metaspace       used 28669K, committed 29248K, reserved 1114112K
  class space    used 4055K, committed 4288K, reserved 1048576K
}
Event: 103.456 GC heap after
{Heap after GC invocations=6 (full 0):
 garbage-first heap   total 57344K, used 19076K [0x00000000a1600000, 0x0000000100000000)
  region size 1024K, 6 young (6144K), 6 survivors (6144K)
 Metaspace       used 28669K, committed 29248K, reserved 1114112K
  class space    used 4055K, committed 4288K, reserved 1048576K
}
Event: 123.809 GC heap before
{Heap before GC invocations=6 (full 0):
 garbage-first heap   total 57344K, used 44676K [0x00000000a1600000, 0x0000000100000000)
  region size 1024K, 32 young (32768K), 6 survivors (6144K)
 Metaspace       used 29547K, committed 30080K, reserved 1114112K
  class space    used 4081K, committed 4288K, reserved 1048576K
}
Event: 123.822 GC heap after
{Heap after GC invocations=7 (full 0):
 garbage-first heap   total 57344K, used 20245K [0x00000000a1600000, 0x0000000100000000)
  region size 1024K, 3 young (3072K), 3 survivors (3072K)
 Metaspace       used 29547K, committed 30080K, reserved 1114112K
  class space    used 4081K, committed 4288K, reserved 1048576K
}
Event: 173.477 GC heap before
{Heap before GC invocations=7 (full 0):
 garbage-first heap   total 57344K, used 45845K [0x00000000a1600000, 0x0000000100000000)
  region size 1024K, 29 young (29696K), 3 survivors (3072K)
 Metaspace       used 30057K, committed 30656K, reserved 1114112K
  class space    used 4105K, committed 4416K, reserved 1048576K
}
Event: 173.480 GC heap after
{Heap after GC invocations=8 (full 0):
 garbage-first heap   total 57344K, used 20358K [0x00000000a1600000, 0x0000000100000000)
  region size 1024K, 3 young (3072K), 3 survivors (3072K)
 Metaspace       used 30057K, committed 30656K, reserved 1114112K
  class space    used 4105K, committed 4416K, reserved 1048576K
}

