# JRE version: OpenJDK Runtime Environment Temurin-21.0.11+10 (21.0.11+10) (build 21.0.11+10-LTS)
# Java VM: OpenJDK 64-Bit Server VM Temurin-21.0.11+10 (21.0.11+10-LTS, mixed mode, sharing, tiered, compressed oops, compressed class ptrs, g1 gc, windows-amd64)
GC Precious Log:
 CardTable entry size: 512
 Card Set container configuration: InlinePtr #cards 5 size 8 Array Of Cards #cards 12 size 40 Howl #buckets 4 coarsen threshold 1843 Howl Bitmap #cards 512 size 80 coarsen threshold 460 Card regions per heap region 1 cards per card region 2048
 CPUs: 4 total, 4 available
 Memory: 6055M
 Large Page Support: Disabled
 NUMA Support: Disabled
 Compressed Oops: Enabled (32-bit)
 Heap Region Size: 1M
 Heap Min Capacity: 8M
 Heap Initial Capacity: 96M
 Heap Max Capacity: 1514M
 Pre-touch: Disabled
 Parallel Workers: 4
 Concurrent Workers: 1
 Concurrent Refinement Workers: 4
 Periodic GC: Disabled
Heap:
 garbage-first heap   total 61440K, used 48461K [0x00000000a1600000, 0x0000000100000000)
  region size 1024K, 32 young (32768K), 2 survivors (2048K)
 Metaspace       used 30410K, committed 31040K, reserved 1114112K
  class space    used 4134K, committed 4416K, reserved 1048576K
GC Heap History (12 events):
Event: 0.784 GC heap before
{Heap before GC invocations=0 (full 0):
 garbage-first heap   total 98304K, used 12288K [0x00000000a1600000, 0x0000000100000000)
  region size 1024K, 13 young (13312K), 0 survivors (0K)
 Metaspace       used 1782K, committed 1984K, reserved 1114112K
  class space    used 176K, committed 256K, reserved 1048576K
}
Event: 0.790 GC heap after
{Heap after GC invocations=1 (full 0):
 garbage-first heap   total 98304K, used 1672K [0x00000000a1600000, 0x0000000100000000)
  region size 1024K, 2 young (2048K), 2 survivors (2048K)
 Metaspace       used 1782K, committed 1984K, reserved 1114112K
  class space    used 176K, committed 256K, reserved 1048576K
}
Event: 1.458 GC heap before
{Heap before GC invocations=1 (full 0):
 garbage-first heap   total 98304K, used 23176K [0x00000000a1600000, 0x0000000100000000)
  region size 1024K, 24 young (24576K), 2 survivors (2048K)
 Metaspace       used 7944K, committed 8192K, reserved 1114112K
  class space    used 1021K, committed 1152K, reserved 1048576K
}
Event: 1.464 GC heap after
{Heap after GC invocations=2 (full 0):
 garbage-first heap   total 98304K, used 3773K [0x00000000a1600000, 0x0000000100000000)
  region size 1024K, 3 young (3072K), 3 survivors (3072K)
 Metaspace       used 7944K, committed 8192K, reserved 1114112K
  class space    used 1021K, committed 1152K, reserved 1048576K
}
Event: 13.422 GC heap before
{Heap before GC invocations=2 (full 0):
 garbage-first heap   total 98304K, used 60093K [0x00000000a1600000, 0x0000000100000000)
  region size 1024K, 57 young (58368K), 3 survivors (3072K)
 Metaspace       used 18110K, committed 18432K, reserved 1114112K
  class space    used 2790K, committed 2944K, reserved 1048576K
}
Event: 13.437 GC heap after
{Heap after GC invocations=3 (full 0):
 garbage-first heap   total 98304K, used 12814K [0x00000000a1600000, 0x0000000100000000)
  region size 1024K, 8 young (8192K), 8 survivors (8192K)
 Metaspace       used 18110K, committed 18432K, reserved 1114112K
  class space    used 2790K, committed 2944K, reserved 1048576K
}
Event: 13.856 GC heap before
{Heap before GC invocations=3 (full 0):
 garbage-first heap   total 98304K, used 24078K [0x00000000a1600000, 0x0000000100000000)
  region size 1024K, 20 young (20480K), 8 survivors (8192K)
 Metaspace       used 21090K, committed 21504K, reserved 1114112K
  class space    used 3134K, committed 3328K, reserved 1048576K
}
Event: 13.879 GC heap after
{Heap after GC invocations=4 (full 0):
 garbage-first heap   total 98304K, used 15253K [0x00000000a1600000, 0x0000000100000000)
  region size 1024K, 3 young (3072K), 3 survivors (3072K)
 Metaspace       used 21090K, committed 21504K, reserved 1114112K
  class space    used 3134K, committed 3328K, reserved 1048576K
}
Event: 19.966 GC heap before
{Heap before GC invocations=5 (full 0):
 garbage-first heap   total 55296K, used 53141K [0x00000000a1600000, 0x0000000100000000)
  region size 1024K, 41 young (41984K), 3 survivors (3072K)
 Metaspace       used 28771K, committed 29248K, reserved 1114112K
  class space    used 4071K, committed 4288K, reserved 1048576K
}
Event: 19.977 GC heap after
{Heap after GC invocations=6 (full 0):
 garbage-first heap   total 61440K, used 18821K [0x00000000a1600000, 0x0000000100000000)
  region size 1024K, 6 young (6144K), 6 survivors (6144K)
 Metaspace       used 28771K, committed 29248K, reserved 1114112K
  class space    used 4071K, committed 4288K, reserved 1048576K
}
Event: 62.776 GC heap before
{Heap before GC invocations=6 (full 0):
 garbage-first heap   total 61440K, used 48517K [0x00000000a1600000, 0x0000000100000000)
  region size 1024K, 36 young (36864K), 6 survivors (6144K)
 Metaspace       used 29586K, committed 30080K, reserved 1114112K
  class space    used 4085K, committed 4288K, reserved 1048576K
}
Event: 62.786 GC heap after
{Heap after GC invocations=7 (full 0):
 garbage-first heap   total 61440K, used 19789K [0x00000000a1600000, 0x0000000100000000)
  region size 1024K, 2 young (2048K), 2 survivors (2048K)
 Metaspace       used 29586K, committed 30080K, reserved 1114112K
  class space    used 4085K, committed 4288K, reserved 1048576K
}

